<html>
<body>
<pre>
<h1>Vision Build Log</h1>
<h2>Project:</h2>
E:\学习相关\单片机\计算器\Felix_XP\calculator.uvproj
Project File Date:  01/06/2016

<h2>Output:</h2>
Build target 'Target 1'
assembling STARTUP.A51...
compiling calculator.c...
linking...
*** WARNING L16: UNCALLED SEGMENT, IGNORED FOR OVERLAY PROCESS
    SEGMENT: ?PR?_DISPLAY1602S?CALCULATOR
Program Size: data=42.0 xdata=0 code=1242
creating hex file from "calculator"...
"calculator" - 0 Error(s), 1 Warning(s).
Build target 'Target 1'
assembling STARTUP.A51...
compiling calculator.c...
linking...
Program Size: data=45.0 xdata=0 code=1369
creating hex file from "calculator"...
"calculator" - 0 Error(s), 0 Warning(s).
Build target 'Target 1'
assembling STARTUP.A51...
compiling calculator.c...
CALCULATOR.C(123): error C141: syntax error near 'unsigned'
CALCULATOR.C(123): error C202: 'info': undefined identifier
CALCULATOR.C(125): error C202: 'info': undefined identifier
CALCULATOR.C(126): error C202: 'info': undefined identifier
Target not created
Build target 'Target 1'
assembling STARTUP.A51...
compiling calculator.c...
CALCULATOR.C(220): error C141: syntax error near '='
CALCULATOR.C(220): error C141: syntax error near ')'
CALCULATOR.C(223): error C141: syntax error near 'else'
Target not created
Build target 'Target 1'
assembling STARTUP.A51...
compiling calculator.c...
CALCULATOR.C(147): error C141: syntax error near 'void'
Target not created
Build target 'Target 1'
assembling STARTUP.A51...
compiling calculator.c...
CALCULATOR.C(147): error C141: syntax error near 'void'
Target not created
Build target 'Target 1'
assembling STARTUP.A51...
compiling calculator.c...
CALCULATOR.C(220): error C141: syntax error near '='
CALCULATOR.C(220): error C141: syntax error near ')'
CALCULATOR.C(223): error C141: syntax error near 'else'
Target not created
Build target 'Target 1'
assembling STARTUP.A51...
compiling calculator.c...
linking...
*** WARNING L16: UNCALLED SEGMENT, IGNORED FOR OVERLAY PROCESS
    SEGMENT: ?PR?_DISPLAY1602S?CALCULATOR
Program Size: data=42.0 xdata=0 code=1257
creating hex file from "calculator"...
"calculator" - 0 Error(s), 1 Warning(s).
Build target 'Target 1'
assembling STARTUP.A51...
compiling calculator.c...
linking...
*** WARNING L16: UNCALLED SEGMENT, IGNORED FOR OVERLAY PROCESS
    SEGMENT: ?PR?_DISPLAY1602S?CALCULATOR
Program Size: data=42.0 xdata=0 code=1242
creating hex file from "calculator"...
"calculator" - 0 Error(s), 1 Warning(s).
Build target 'Target 1'
assembling STARTUP.A51...
compiling calculator.c...
linking...
*** WARNING L16: UNCALLED SEGMENT, IGNORED FOR OVERLAY PROCESS
    SEGMENT: ?PR?_DISPLAY1602S?CALCULATOR
Program Size: data=44.0 xdata=0 code=1257
creating hex file from "calculator"...
"calculator" - 0 Error(s), 1 Warning(s).
Build target 'Target 1'
assembling STARTUP.A51...
compiling calculator.c...
linking...
*** WARNING L16: UNCALLED SEGMENT, IGNORED FOR OVERLAY PROCESS
    SEGMENT: ?PR?_DISPLAY1602S?CALCULATOR
Program Size: data=41.0 xdata=0 code=1220
creating hex file from "calculator"...
"calculator" - 0 Error(s), 1 Warning(s).
Build target 'Target 1'
assembling STARTUP.A51...
compiling calculator.c...
linking...
*** WARNING L16: UNCALLED SEGMENT, IGNORED FOR OVERLAY PROCESS
    SEGMENT: ?PR?_DISPLAY1602S?CALCULATOR
Program Size: data=44.0 xdata=0 code=1257
creating hex file from "calculator"...
"calculator" - 0 Error(s), 1 Warning(s).
Build target 'Target 1'
assembling STARTUP.A51...
compiling calculator.c...
linking...
*** WARNING L16: UNCALLED SEGMENT, IGNORED FOR OVERLAY PROCESS
    SEGMENT: ?PR?_DISPLAY1602S?CALCULATOR
Program Size: data=44.0 xdata=0 code=1257
creating hex file from "calculator"...
"calculator" - 0 Error(s), 1 Warning(s).
Build target 'Target 1'
assembling STARTUP.A51...
compiling calculator.c...
linking...
*** WARNING L16: UNCALLED SEGMENT, IGNORED FOR OVERLAY PROCESS
    SEGMENT: ?PR?_DISPLAY1602S?CALCULATOR
Program Size: data=63.0 xdata=0 code=1879
creating hex file from "calculator"...
"calculator" - 0 Error(s), 1 Warning(s).
Build target 'Target 1'
assembling STARTUP.A51...
compiling calculator.c...
linking...
*** WARNING L16: UNCALLED SEGMENT, IGNORED FOR OVERLAY PROCESS
    SEGMENT: ?PR?_DISPLAY1602S?CALCULATOR
Program Size: data=63.0 xdata=0 code=1947
creating hex file from "calculator"...
"calculator" - 0 Error(s), 1 Warning(s).
Build target 'Target 1'
assembling STARTUP.A51...
compiling calculator.c...
linking...
*** WARNING L16: UNCALLED SEGMENT, IGNORED FOR OVERLAY PROCESS
    SEGMENT: ?PR?_DISPLAY1602S?CALCULATOR
Program Size: data=44.0 xdata=0 code=1257
creating hex file from "calculator"...
"calculator" - 0 Error(s), 1 Warning(s).
Build target 'Target 1'
assembling STARTUP.A51...
compiling calculator.c...
linking...
*** WARNING L16: UNCALLED SEGMENT, IGNORED FOR OVERLAY PROCESS
    SEGMENT: ?PR?_DISPLAY1602S?CALCULATOR
Program Size: data=44.0 xdata=0 code=1278
creating hex file from "calculator"...
"calculator" - 0 Error(s), 1 Warning(s).
Build target 'Target 1'
assembling STARTUP.A51...
compiling calculator.c...
linking...
*** WARNING L16: UNCALLED SEGMENT, IGNORED FOR OVERLAY PROCESS
    SEGMENT: ?PR?_DISPLAY1602S?CALCULATOR
Program Size: data=44.0 xdata=0 code=1278
creating hex file from "calculator"...
"calculator" - 0 Error(s), 1 Warning(s).
Build target 'Target 1'
assembling STARTUP.A51...
compiling calculator.c...
CALCULATOR.C(241): error C141: syntax error near 'unsigned'
CALCULATOR.C(241): error C202: 'info': undefined identifier
CALCULATOR.C(242): error C202: 'y': undefined identifier
CALCULATOR.C(243): error C202: 'info': undefined identifier
CALCULATOR.C(244): error C202: 'info': undefined identifier
Target not created
Build target 'Target 1'
assembling STARTUP.A51...
compiling calculator.c...
CALCULATOR.C(241): error C141: syntax error near 'unsigned'
CALCULATOR.C(241): error C202: 'info': undefined identifier
CALCULATOR.C(242): error C202: 'y': undefined identifier
CALCULATOR.C(243): error C202: 'info': undefined identifier
CALCULATOR.C(244): error C202: 'info': undefined identifier
Target not created
Build target 'Target 1'
assembling STARTUP.A51...
compiling calculator.c...
CALCULATOR.C(241): error C141: syntax error near 'char'
CALCULATOR.C(241): error C202: 'info': undefined identifier
CALCULATOR.C(242): error C202: 'y': undefined identifier
CALCULATOR.C(243): error C202: 'info': undefined identifier
CALCULATOR.C(244): error C202: 'info': undefined identifier
Target not created
Build target 'Target 1'
assembling STARTUP.A51...
compiling calculator.c...
CALCULATOR.C(241): error C141: syntax error near 'int'
CALCULATOR.C(242): error C141: syntax error near 'unsigned'
CALCULATOR.C(242): error C202: 'info': undefined identifier
CALCULATOR.C(243): error C202: 'y': undefined identifier
CALCULATOR.C(244): error C202: 'info': undefined identifier
CALCULATOR.C(245): error C202: 'info': undefined identifier
Target not created
Build target 'Target 1'
assembling STARTUP.A51...
compiling calculator.c...
CALCULATOR.C(241): error C141: syntax error near 'int'
CALCULATOR.C(242): error C141: syntax error near 'unsigned'
CALCULATOR.C(242): error C202: 'info': undefined identifier
CALCULATOR.C(243): error C202: 'y': undefined identifier
CALCULATOR.C(244): error C202: 'info': undefined identifier
CALCULATOR.C(245): error C202: 'info': undefined identifier
Target not created
Build target 'Target 1'
assembling STARTUP.A51...
compiling calculator.c...
CALCULATOR.C(241): error C141: syntax error near 'int'
CALCULATOR.C(242): error C141: syntax error near 'unsigned'
CALCULATOR.C(242): error C202: 'info': undefined identifier
CALCULATOR.C(242): error C101: ''E': invalid character constant
CALCULATOR.C(242): error C141: syntax error near 'RROR'
CALCULATOR.C(242): error C101: '';': invalid character constant
CALCULATOR.C(243): error C141: syntax error near 'write_com'
CALCULATOR.C(244): error C202: 'info': undefined identifier
CALCULATOR.C(245): error C202: 'info': undefined identifier
Target not created
Build target 'Target 1'
assembling STARTUP.A51...
compiling calculator.c...
CALCULATOR.C(146): warning C291: not every exit path returns a value
linking...
*** WARNING L16: UNCALLED SEGMENT, IGNORED FOR OVERLAY PROCESS
    SEGMENT: ?PR?_DISPLAY1602S?CALCULATOR
Program Size: data=48.0 xdata=0 code=1292
creating hex file from "calculator"...
"calculator" - 0 Error(s), 2 Warning(s).
Build target 'Target 1'
assembling STARTUP.A51...
compiling calculator.c...
CALCULATOR.C(148): warning C291: not every exit path returns a value
linking...
*** WARNING L16: UNCALLED SEGMENT, IGNORED FOR OVERLAY PROCESS
    SEGMENT: ?PR?_DISPLAY1602S?CALCULATOR
Program Size: data=48.0 xdata=0 code=1306
creating hex file from "calculator"...
"calculator" - 0 Error(s), 2 Warning(s).
Build target 'Target 1'
assembling STARTUP.A51...
compiling calculator.c...
CALCULATOR.C(148): warning C291: not every exit path returns a value
linking...
*** WARNING L16: UNCALLED SEGMENT, IGNORED FOR OVERLAY PROCESS
    SEGMENT: ?PR?_DISPLAY1602S?CALCULATOR
Program Size: data=48.0 xdata=0 code=1299
creating hex file from "calculator"...
"calculator" - 0 Error(s), 2 Warning(s).
Build target 'Target 1'
assembling STARTUP.A51...
compiling calculator.c...
CALCULATOR.C(147): warning C291: not every exit path returns a value
linking...
*** WARNING L16: UNCALLED SEGMENT, IGNORED FOR OVERLAY PROCESS
    SEGMENT: ?PR?_DISPLAY1602S?CALCULATOR
Program Size: data=48.0 xdata=0 code=1292
creating hex file from "calculator"...
"calculator" - 0 Error(s), 2 Warning(s).
Build target 'Target 1'
assembling STARTUP.A51...
compiling calculator.c...
CALCULATOR.C(147): warning C291: not every exit path returns a value
linking...
*** WARNING L16: UNCALLED SEGMENT, IGNORED FOR OVERLAY PROCESS
    SEGMENT: ?PR?_DISPLAY1602S?CALCULATOR
Program Size: data=48.0 xdata=0 code=1302
creating hex file from "calculator"...
"calculator" - 0 Error(s), 2 Warning(s).
Build target 'Target 1'
assembling STARTUP.A51...
compiling calculator.c...
CALCULATOR.C(147): warning C291: not every exit path returns a value
linking...
*** WARNING L16: UNCALLED SEGMENT, IGNORED FOR OVERLAY PROCESS
    SEGMENT: ?PR?_DISPLAY1602S?CALCULATOR
Program Size: data=48.0 xdata=0 code=1302
creating hex file from "calculator"...
"calculator" - 0 Error(s), 2 Warning(s).
Build target 'Target 1'
assembling STARTUP.A51...
compiling calculator.c...
CALCULATOR.C(147): warning C291: not every exit path returns a value
linking...
*** WARNING L16: UNCALLED SEGMENT, IGNORED FOR OVERLAY PROCESS
    SEGMENT: ?PR?_DISPLAY1602S?CALCULATOR
Program Size: data=48.0 xdata=0 code=1300
creating hex file from "calculator"...
"calculator" - 0 Error(s), 2 Warning(s).
Build target 'Target 1'
assembling STARTUP.A51...
compiling calculator.c...
CALCULATOR.C(147): warning C291: not every exit path returns a value
linking...
*** WARNING L16: UNCALLED SEGMENT, IGNORED FOR OVERLAY PROCESS
    SEGMENT: ?PR?_DISPLAY1602S?CALCULATOR
Program Size: data=48.0 xdata=0 code=1300
creating hex file from "calculator"...
"calculator" - 0 Error(s), 2 Warning(s).
Build target 'Target 1'
assembling STARTUP.A51...
compiling calculator.c...
CALCULATOR.C(148): warning C291: not every exit path returns a value
linking...
*** WARNING L16: UNCALLED SEGMENT, IGNORED FOR OVERLAY PROCESS
    SEGMENT: ?PR?_DISPLAY1602S?CALCULATOR
Program Size: data=48.0 xdata=0 code=1303
creating hex file from "calculator"...
"calculator" - 0 Error(s), 2 Warning(s).
Build target 'Target 1'
assembling STARTUP.A51...
compiling calculator.c...
CALCULATOR.C(148): warning C291: not every exit path returns a value
linking...
*** WARNING L16: UNCALLED SEGMENT, IGNORED FOR OVERLAY PROCESS
    SEGMENT: ?PR?_DISPLAY1602S?CALCULATOR
Program Size: data=48.0 xdata=0 code=1303
creating hex file from "calculator"...
"calculator" - 0 Error(s), 2 Warning(s).
Build target 'Target 1'
assembling STARTUP.A51...
compiling calculator.c...
CALCULATOR.C(149): warning C291: not every exit path returns a value
linking...
*** WARNING L16: UNCALLED SEGMENT, IGNORED FOR OVERLAY PROCESS
    SEGMENT: ?PR?_DISPLAY1602S?CALCULATOR
Program Size: data=48.0 xdata=0 code=1309
creating hex file from "calculator"...
"calculator" - 0 Error(s), 2 Warning(s).
